<?xml version="1.0" encoding="UTF-8"?>
<testng-results ignored="0" total="1" passed="1" failed="0" skipped="0">
  <reporter-output>
  </reporter-output>
  <suite started-at="2023-10-26T15:16:17 IST" name="Suite" finished-at="2023-10-26T15:17:03 IST" duration-ms="46109">
    <groups>
      <group name="ReggressionSuite">
        <method signature="createcontactwithOrgnizationTest.createContactWithOrgTest()[pri:0, instance:contactsTest.createcontactwithOrgnizationTest@2e377400]" name="createContactWithOrgTest" class="contactsTest.createcontactwithOrgnizationTest"/>
      </group> <!-- ReggressionSuite -->
    </groups>
    <test started-at="2023-10-26T15:16:17 IST" name="Test" finished-at="2023-10-26T15:17:03 IST" duration-ms="46109">
      <class name="contactsTest.createcontactwithOrgnizationTest">
        <test-method is-config="true" signature="bsConfig()[pri:0, instance:contactsTest.createcontactwithOrgnizationTest@2e377400]" started-at="2023-10-26T15:16:17 IST" name="bsConfig" finished-at="2023-10-26T15:16:17 IST" duration-ms="18" status="PASS">
          <reporter-output>
          </reporter-output>
        </test-method> <!-- bsConfig -->
        <test-method is-config="true" signature="bcConfig()[pri:0, instance:contactsTest.createcontactwithOrgnizationTest@2e377400]" started-at="2023-10-26T15:16:17 IST" name="bcConfig" finished-at="2023-10-26T15:16:23 IST" duration-ms="6477" status="PASS">
          <reporter-output>
          </reporter-output>
        </test-method> <!-- bcConfig -->
        <test-method is-config="true" signature="bmConfig()[pri:0, instance:contactsTest.createcontactwithOrgnizationTest@2e377400]" started-at="2023-10-26T15:16:23 IST" name="bmConfig" finished-at="2023-10-26T15:16:26 IST" duration-ms="2527" status="PASS">
          <reporter-output>
          </reporter-output>
        </test-method> <!-- bmConfig -->
        <test-method signature="createContactWithOrgTest()[pri:0, instance:contactsTest.createcontactwithOrgnizationTest@2e377400]" started-at="2023-10-26T15:16:26 IST" name="createContactWithOrgTest" finished-at="2023-10-26T15:16:57 IST" duration-ms="30992" status="PASS">
          <reporter-output>
          </reporter-output>
        </test-method> <!-- createContactWithOrgTest -->
        <test-method is-config="true" signature="amConfig()[pri:0, instance:contactsTest.createcontactwithOrgnizationTest@2e377400]" started-at="2023-10-26T15:16:57 IST" name="amConfig" finished-at="2023-10-26T15:16:59 IST" duration-ms="2605" status="PASS">
          <reporter-output>
          </reporter-output>
        </test-method> <!-- amConfig -->
        <test-method is-config="true" signature="acConfig()[pri:0, instance:contactsTest.createcontactwithOrgnizationTest@2e377400]" started-at="2023-10-26T15:16:59 IST" name="acConfig" finished-at="2023-10-26T15:17:03 IST" duration-ms="3428" status="PASS">
          <reporter-output>
          </reporter-output>
        </test-method> <!-- acConfig -->
        <test-method is-config="true" signature="asConfig()[pri:0, instance:contactsTest.createcontactwithOrgnizationTest@2e377400]" started-at="2023-10-26T15:17:03 IST" name="asConfig" finished-at="2023-10-26T15:17:03 IST" duration-ms="2" status="PASS">
          <reporter-output>
          </reporter-output>
        </test-method> <!-- asConfig -->
      </class> <!-- contactsTest.createcontactwithOrgnizationTest -->
    </test> <!-- Test -->
  </suite> <!-- Suite -->
</testng-results>
