<?xml version="1.0" encoding="UTF-8"?>
<testng-results ignored="0" total="1" passed="1" failed="0" skipped="0">
  <reporter-output>
  </reporter-output>
  <suite started-at="2023-10-31T20:47:33 IST" name="Default suite" finished-at="2023-10-31T20:48:02 IST" duration-ms="28823">
    <groups>
    </groups>
    <test started-at="2023-10-31T20:47:33 IST" name="Default test" finished-at="2023-10-31T20:48:02 IST" duration-ms="28823">
      <class name="organizationTests.createOrganizationTest">
        <test-method is-config="true" signature="bsConfig()[pri:0, instance:organizationTests.createOrganizationTest@291caca8]" started-at="2023-10-31T20:47:33 IST" name="bsConfig" finished-at="2023-10-31T20:47:33 IST" duration-ms="21" status="PASS">
          <reporter-output>
          </reporter-output>
        </test-method> <!-- bsConfig -->
        <test-method is-config="true" signature="bcConfig()[pri:0, instance:organizationTests.createOrganizationTest@291caca8]" started-at="2023-10-31T20:47:33 IST" name="bcConfig" finished-at="2023-10-31T20:47:40 IST" duration-ms="7729" status="PASS">
          <reporter-output>
          </reporter-output>
        </test-method> <!-- bcConfig -->
        <test-method is-config="true" signature="bmConfig()[pri:0, instance:organizationTests.createOrganizationTest@291caca8]" started-at="2023-10-31T20:47:41 IST" name="bmConfig" finished-at="2023-10-31T20:47:43 IST" duration-ms="2780" status="PASS">
          <reporter-output>
          </reporter-output>
        </test-method> <!-- bmConfig -->
        <test-method signature="createOrgTest()[pri:0, instance:organizationTests.createOrganizationTest@291caca8]" started-at="2023-10-31T20:47:43 IST" name="createOrgTest" finished-at="2023-10-31T20:47:57 IST" duration-ms="13653" status="PASS">
          <reporter-output>
          </reporter-output>
        </test-method> <!-- createOrgTest -->
        <test-method is-config="true" signature="amConfig()[pri:0, instance:organizationTests.createOrganizationTest@291caca8]" started-at="2023-10-31T20:47:57 IST" name="amConfig" finished-at="2023-10-31T20:48:00 IST" duration-ms="2955" status="PASS">
          <reporter-output>
          </reporter-output>
        </test-method> <!-- amConfig -->
        <test-method is-config="true" signature="acConfig()[pri:0, instance:organizationTests.createOrganizationTest@291caca8]" started-at="2023-10-31T20:48:00 IST" name="acConfig" finished-at="2023-10-31T20:48:02 IST" duration-ms="1637" status="PASS">
          <reporter-output>
          </reporter-output>
        </test-method> <!-- acConfig -->
        <test-method is-config="true" signature="asConfig()[pri:0, instance:organizationTests.createOrganizationTest@291caca8]" started-at="2023-10-31T20:48:02 IST" name="asConfig" finished-at="2023-10-31T20:48:02 IST" duration-ms="1" status="PASS">
          <reporter-output>
          </reporter-output>
        </test-method> <!-- asConfig -->
      </class> <!-- organizationTests.createOrganizationTest -->
    </test> <!-- Default test -->
  </suite> <!-- Default suite -->
</testng-results>
